服务已启动
/login.html
/b.jpg
/login.js
/getData
/favicon.ico
/login.html
/login.js
/back2.jpg
/getData
/login.html
/back2.jpg
/login.js
/getData
服务已启动
/login.html
/login.js
/back2.jpg
/getData
服务已启动
/login.html
/login.js
/back2.jpg
/getData
服务已启动
/login.html
/login.js
/back2.jpg
/getData
服务已启动
服务已启动
/login.html
/login.js
/back2.jpg
/getData
服务已启动
/login.html
/login.js
/back2.jpg
/getData
服务已启动
/login.html
/login.js
/back2.jpg
/getData
服务已启动
/login.html
/login.js
/back2.jpg
/getData
服务已启动
/login.html
/login.js
/back2.jpg
/getData
服务已启动
/login.html
/login.js
/back2.jpg
/getData
/back2.jpg
/login.html
/login.js
/back2.jpg
服务已启动
/login.html
/login.js
/back2.jpg
/getData
/login.html
/login.js
/back2.jpg
服务已启动
/login.html
/login.js
/back2.jpg
/getData
/login.html
/login.js
/back2.jpg
服务已启动
/login.html
/login.js
/back2.jpg
/getData
服务已启动
/login.html
/login.js
/back2.jpg
/getData
服务已启动
/login.html
/back2.jpg
/login
服务已启动
/login.html
/back2.jpg
/login
服务已启动
/login.html
/back2.jpg
/login
服务已启动
/login.html
/back2.jpg
/login
服务已启动
/login.html
/back2.jpg
/login
服务已启动
/login
服务已启动
/login.html
/back2.jpg
/login
服务已启动
/login.html
/back2.jpg
/login.html
/back2.jpg
/login
/login
/login
服务已启动
/login.html
/back2.jpg
/login
服务已启动
/login.html
/back2.jpg
/login
服务已启动
/login.html
/back2.jpg
/login
服务已启动
/login.html
/back2.jpg
/login
/login
服务已启动
/login.html
/back2.jpg
/login
/main.html
服务已启动
/login.html
/back2.jpg
/login
服务已启动
/login.html
/back2.jpg
/login
服务已启动
/login
/login.html
/back2.jpg
/login.html
/back2.jpg
/login
/main.html
服务已启动
/login.html
/back2.jpg
/login
/main.html
/login.html
/back2.jpg
/login
/error.html
/login.html
/back2.jpg
服务已启动
/login.html
/back2.jpg
/login
/main.html
服务已启动
服务已启动
服务已启动
服务已启动
服务已启动
服务已启动
服务已启动
服务已启动
/login.html
/back2.jpg
服务已启动
/login.html
/back2.jpg
/login.html
/back2.jpg
服务已启动
/login.html
/back2.jpg
服务已启动
/login.html
/back2.jpg
服务已启动
/login.html
/back2.jpg
服务已启动
/login.html
/back2.jpg
服务已启动
/login.html
/back2.jpg
服务已启动
/login.html
/back2.jpg
服务已启动
/login.html
/back2.jpg
服务已启动
/login.html
服务已启动
/login.html
/login.js
/getData
服务已启动
/login.html
/login.js
/getData
/login.html
/login.js
/back2.jpg
/getData
/main.html
服务已启动
/main.html
/login.html
/login.js
/back2.jpg
/getData
/login.html
/login.js
/back2.jpg
/getData
服务已启动
/login.html
/login.js
/back2.jpg
/getData
/login
/main.html
服务已启动
/login.html
/login.js
/back2.jpg
/login.html
/back2.jpg
/login.js
/getData
/main.html
/login.html
/login.js
/back2.jpg
/getData
/login
/main.html
/login.html
/login.js
/back2.jpg
/getData
/login
/main.html
服务已启动
/login.html
/back2.jpg
/login.js
/login.html
/login.js
/back2.jpg
/getData
/login
/main.html
服务已启动
/main.html
服务已启动
/main.html
服务已启动
/main.html
服务已启动
/main.html
服务已启动
/main.html
/main.html
服务已启动
/main.html
服务已启动
/main.html
/login.html
/login.js
/back2.jpg
/getData
/login
/main.html
/main.html
服务已启动
/main.html
服务已启动
/main.html
服务已启动
服务已启动
/login.html
/login.js
/back2.jpg
/getData
/login.html
/login
/main.html
/main.html
/login.html
/login.js
/back2.jpg
/getData
/login.html
